<?xml version="1.0" encoding="UTF-8"?>
<!-- Generated by org.testng.reporters.JUnitXMLReporter -->
<testsuite ignored="0" hostname="DESKTOP-JE9FGA8" failures="4" tests="4" name="RUN ON CHROME" time="12.777" errors="0" timestamp="24 Oct 2021 14:28:08 GMT">
  <testcase classname="com.bankgaru.user.Level_03_Page_Object_Pattern" name="TC_01_Register_To_System" time="2.329">
    <failure type="org.openqa.selenium.UnhandledAlertException" message="unexpected alert open: {Alert text : This email id is banned in our system. Please use some other email id to register}
  (Session info: chrome=95.0.4638.54): This email id is banned in our system. Please use some other email id to register
Build info: version: &amp;apos;3.141.59&amp;apos;, revision: &amp;apos;e82be7d358&amp;apos;, time: &amp;apos;2018-11-14T08:25:53&amp;apos;
System info: host: &amp;apos;DESKTOP-JE9FGA8&amp;apos;, ip: &amp;apos;192.168.221.145&amp;apos;, os.name: &amp;apos;Windows 10&amp;apos;, os.arch: &amp;apos;amd64&amp;apos;, os.version: &amp;apos;10.0&amp;apos;, java.version: &amp;apos;16.0.2&amp;apos;
Driver info: org.openqa.selenium.chrome.ChromeDriver
Capabilities {acceptInsecureCerts: false, browserName: chrome, browserVersion: 95.0.4638.54, chrome: {chromedriverVersion: 95.0.4638.17 (a9d0719444d4b..., userDataDir: C:\Users\MRHOAN~1\AppData\L...}, goog:chromeOptions: {debuggerAddress: localhost:61936}, javascriptEnabled: true, networkConnectionEnabled: false, pageLoadStrategy: normal, platform: WINDOWS, platformName: WINDOWS, proxy: Proxy(), setWindowRect: true, strictFileInteractability: false, timeouts: {implicit: 0, pageLoad: 300000, script: 30000}, unhandledPromptBehavior: dismiss and notify, webauthn:extension:credBlob: true, webauthn:extension:largeBlob: true, webauthn:virtualAuthenticators: true}
Session ID: da8a44d5633dec67eaf325e63106b725
*** Element info: {Using=xpath, value=//td[contains(text(),&amp;apos;User ID :&amp;apos;)]/following-sibling::td[1]}">
      <![CDATA[org.openqa.selenium.UnhandledAlertException: unexpected alert open: {Alert text : This email id is banned in our system. Please use some other email id to register}
  (Session info: chrome=95.0.4638.54): This email id is banned in our system. Please use some other email id to register
Build info: version: '3.141.59', revision: 'e82be7d358', time: '2018-11-14T08:25:53'
System info: host: 'DESKTOP-JE9FGA8', ip: '192.168.221.145', os.name: 'Windows 10', os.arch: 'amd64', os.version: '10.0', java.version: '16.0.2'
Driver info: org.openqa.selenium.chrome.ChromeDriver
Capabilities {acceptInsecureCerts: false, browserName: chrome, browserVersion: 95.0.4638.54, chrome: {chromedriverVersion: 95.0.4638.17 (a9d0719444d4b..., userDataDir: C:\Users\MRHOAN~1\AppData\L...}, goog:chromeOptions: {debuggerAddress: localhost:61936}, javascriptEnabled: true, networkConnectionEnabled: false, pageLoadStrategy: normal, platform: WINDOWS, platformName: WINDOWS, proxy: Proxy(), setWindowRect: true, strictFileInteractability: false, timeouts: {implicit: 0, pageLoad: 300000, script: 30000}, unhandledPromptBehavior: dismiss and notify, webauthn:extension:credBlob: true, webauthn:extension:largeBlob: true, webauthn:virtualAuthenticators: true}
Session ID: da8a44d5633dec67eaf325e63106b725
*** Element info: {Using=xpath, value=//td[contains(text(),'User ID :')]/following-sibling::td[1]}
at org.openqa.selenium.remote.http.W3CHttpResponseCodec.decode(W3CHttpResponseCodec.java:120)
at org.openqa.selenium.remote.http.W3CHttpResponseCodec.decode(W3CHttpResponseCodec.java:49)
at org.openqa.selenium.remote.HttpCommandExecutor.execute(HttpCommandExecutor.java:158)
at org.openqa.selenium.remote.service.DriverCommandExecutor.execute(DriverCommandExecutor.java:83)
at org.openqa.selenium.remote.RemoteWebDriver.execute(RemoteWebDriver.java:552)
at org.openqa.selenium.remote.RemoteWebDriver.findElement(RemoteWebDriver.java:323)
at org.openqa.selenium.remote.RemoteWebDriver.findElementByXPath(RemoteWebDriver.java:428)
at org.openqa.selenium.By$ByXPath.findElement(By.java:353)
at org.openqa.selenium.remote.RemoteWebDriver.findElement(RemoteWebDriver.java:315)
at org.openqa.selenium.support.ui.ExpectedConditions$7.apply(ExpectedConditions.java:205)
at org.openqa.selenium.support.ui.ExpectedConditions$7.apply(ExpectedConditions.java:201)
at org.openqa.selenium.support.ui.FluentWait.until(FluentWait.java:249)
at commons.AbtractPage.awaitToElementVisible(AbtractPage.java:312)
at pageObjects.RegisterPageObject.getUserIDText(RegisterPageObject.java:26)
at com.bankgaru.user.Level_03_Page_Object_Pattern.TC_01_Register_To_System(Level_03_Page_Object_Pattern.java:55)
... Removed 25 stack frames]]>
    </failure>
  </testcase> <!-- TC_01_Register_To_System -->
  <testcase classname="com.bankgaru.user.Level_03_Page_Object_Pattern" name="TC_02_Login_To_System" time="1.806">
    <failure type="java.lang.IllegalArgumentException" message="Keys to send should be a not null CharSequence">
      <![CDATA[java.lang.IllegalArgumentException: Keys to send should be a not null CharSequence
at org.openqa.selenium.remote.RemoteWebElement.sendKeys(RemoteWebElement.java:97)
at commons.AbtractPage.sendkeyToElement(AbtractPage.java:130)
at pageObjects.LoginPageObject.inputToUserIDTextbox(LoginPageObject.java:26)
at com.bankgaru.user.Level_03_Page_Object_Pattern.TC_02_Login_To_System(Level_03_Page_Object_Pattern.java:64)
... Removed 25 stack frames]]>
    </failure>
  </testcase> <!-- TC_02_Login_To_System -->
  <testcase classname="com.bankgaru.user.Level_03_Page_Object_Pattern" name="TC_03_New_Customer" time="0.0">
    <failure type="java.lang.NullPointerException" message="Cannot invoke &amp;quot;pageObjects.MainPageObject.openNewCustomerPage()&amp;quot; because &amp;quot;this.mainPage&amp;quot; is null">
      <![CDATA[java.lang.NullPointerException: Cannot invoke "pageObjects.MainPageObject.openNewCustomerPage()" because "this.mainPage" is null
at com.bankgaru.user.Level_03_Page_Object_Pattern.TC_03_New_Customer(Level_03_Page_Object_Pattern.java:75)
... Removed 25 stack frames]]>
    </failure>
  </testcase> <!-- TC_03_New_Customer -->
  <testcase classname="com.bankgaru.user.Level_03_Page_Object_Pattern" name="TC_04_Logout" time="0.001">
    <failure type="java.lang.NullPointerException" message="Cannot invoke &amp;quot;pageObjects.NewCustomerPageObject.clickToLogoutLink()&amp;quot; because &amp;quot;this.newCustomerPage&amp;quot; is null">
      <![CDATA[java.lang.NullPointerException: Cannot invoke "pageObjects.NewCustomerPageObject.clickToLogoutLink()" because "this.newCustomerPage" is null
at com.bankgaru.user.Level_03_Page_Object_Pattern.TC_04_Logout(Level_03_Page_Object_Pattern.java:114)
... Removed 25 stack frames]]>
    </failure>
  </testcase> <!-- TC_04_Logout -->
</testsuite> <!-- RUN ON CHROME -->
