<?xml version="1.0" encoding="UTF-8"?>
<!-- Generated by org.testng.reporters.JUnitXMLReporter -->
<testsuite ignored="0" hostname="DESKTOP-CC5B68O" failures="1" tests="4" name="RUN ON HEADLESS FIREFOX" time="11.804" errors="0" timestamp="18 Oct 2021 10:09:29 GMT">
  <testcase classname="com.bankgaru.user.Level_03_Page_Object_Pattern" name="TC_01_Register_To_System" time="1.984"/>
  <testcase classname="com.bankgaru.user.Level_03_Page_Object_Pattern" name="TC_02_Login_To_System" time="2.501"/>
  <testcase classname="com.bankgaru.user.Level_03_Page_Object_Pattern" name="TC_03_New_Customer" time="2.957"/>
  <testcase classname="com.bankgaru.user.Level_03_Page_Object_Pattern" name="TC_04_Logout" time="0.046">
    <failure type="org.openqa.selenium.ElementClickInterceptedException" message="Element &amp;lt;a href=&amp;quot;Logout.php&amp;quot;&amp;gt; is not clickable at point (120,655) because another element &amp;lt;p&amp;gt; obscures it
Build info: version: &amp;apos;3.141.59&amp;apos;, revision: &amp;apos;e82be7d358&amp;apos;, time: &amp;apos;2018-11-14T08:25:53&amp;apos;
System info: host: &amp;apos;DESKTOP-CC5B68O&amp;apos;, ip: &amp;apos;192.168.2.93&amp;apos;, os.name: &amp;apos;Windows 10&amp;apos;, os.arch: &amp;apos;amd64&amp;apos;, os.version: &amp;apos;10.0&amp;apos;, java.version: &amp;apos;16.0.2&amp;apos;
Driver info: org.openqa.selenium.firefox.FirefoxDriver
Capabilities {acceptInsecureCerts: true, browserName: firefox, browserVersion: 93.0, javascriptEnabled: true, moz:accessibilityChecks: false, moz:buildID: 20210927210923, moz:geckodriverVersion: 0.30.0, moz:headless: true, moz:processID: 11568, moz:profile: C:\Users\Evotek_PC006\AppDa..., moz:shutdownTimeout: 60000, moz:useNonSpecCompliantPointerOrigin: false, moz:webdriverClick: true, pageLoadStrategy: normal, platform: WINDOWS, platformName: WINDOWS, platformVersion: 10.0, proxy: Proxy(), setWindowRect: true, strictFileInteractability: false, timeouts: {implicit: 0, pageLoad: 300000, script: 30000}, unhandledPromptBehavior: dismiss and notify}
Session ID: f41760bc-d04c-4a75-a802-2526e7d1bcc6">
      <![CDATA[org.openqa.selenium.ElementClickInterceptedException: Element <a href="Logout.php"> is not clickable at point (120,655) because another element <p> obscures it
Build info: version: '3.141.59', revision: 'e82be7d358', time: '2018-11-14T08:25:53'
System info: host: 'DESKTOP-CC5B68O', ip: '192.168.2.93', os.name: 'Windows 10', os.arch: 'amd64', os.version: '10.0', java.version: '16.0.2'
Driver info: org.openqa.selenium.firefox.FirefoxDriver
Capabilities {acceptInsecureCerts: true, browserName: firefox, browserVersion: 93.0, javascriptEnabled: true, moz:accessibilityChecks: false, moz:buildID: 20210927210923, moz:geckodriverVersion: 0.30.0, moz:headless: true, moz:processID: 11568, moz:profile: C:\Users\Evotek_PC006\AppDa..., moz:shutdownTimeout: 60000, moz:useNonSpecCompliantPointerOrigin: false, moz:webdriverClick: true, pageLoadStrategy: normal, platform: WINDOWS, platformName: WINDOWS, platformVersion: 10.0, proxy: Proxy(), setWindowRect: true, strictFileInteractability: false, timeouts: {implicit: 0, pageLoad: 300000, script: 30000}, unhandledPromptBehavior: dismiss and notify}
Session ID: f41760bc-d04c-4a75-a802-2526e7d1bcc6
at org.openqa.selenium.remote.http.W3CHttpResponseCodec.createException(W3CHttpResponseCodec.java:187)
at org.openqa.selenium.remote.http.W3CHttpResponseCodec.decode(W3CHttpResponseCodec.java:122)
at org.openqa.selenium.remote.http.W3CHttpResponseCodec.decode(W3CHttpResponseCodec.java:49)
at org.openqa.selenium.remote.HttpCommandExecutor.execute(HttpCommandExecutor.java:158)
at org.openqa.selenium.remote.service.DriverCommandExecutor.execute(DriverCommandExecutor.java:83)
at org.openqa.selenium.remote.RemoteWebDriver.execute(RemoteWebDriver.java:552)
at org.openqa.selenium.remote.RemoteWebElement.execute(RemoteWebElement.java:285)
at org.openqa.selenium.remote.RemoteWebElement.click(RemoteWebElement.java:84)
at commons.AbtractPage.clickToElement(AbtractPage.java:125)
at pageObjects.NewCustomerPageObject.clickToLogoutLink(NewCustomerPageObject.java:79)
at com.bankgaru.user.Level_03_Page_Object_Pattern.TC_04_Logout(Level_03_Page_Object_Pattern.java:114)
... Removed 30 stack frames]]>
    </failure>
  </testcase> <!-- TC_04_Logout -->
</testsuite> <!-- RUN ON HEADLESS FIREFOX -->
