<?xml version="1.0" encoding="UTF-8"?>
<!-- Generated by org.testng.reporters.JUnitXMLReporter -->
<testsuite ignored="0" hostname="DESKTOP-CC5B68O" failures="1" tests="4" name="RUN ON FIRFOX" time="16.313" errors="0" timestamp="15 Oct 2021 03:21:38 GMT">
  <testcase classname="com.bankgaru.user.Level_03_Page_Object_Pattern" name="TC_01_Register_To_System" time="4.589"/>
  <testcase classname="com.bankgaru.user.Level_03_Page_Object_Pattern" name="TC_02_Login_To_System" time="2.39"/>
  <testcase classname="com.bankgaru.user.Level_03_Page_Object_Pattern" name="TC_03_New_Customer" time="1.019">
    <failure type="org.openqa.selenium.UnhandledAlertException" message="Dismissed user prompt dialog: please fill all fields: 
Build info: version: &amp;apos;3.141.59&amp;apos;, revision: &amp;apos;e82be7d358&amp;apos;, time: &amp;apos;2018-11-14T08:25:53&amp;apos;
System info: host: &amp;apos;DESKTOP-CC5B68O&amp;apos;, ip: &amp;apos;192.168.2.93&amp;apos;, os.name: &amp;apos;Windows 10&amp;apos;, os.arch: &amp;apos;amd64&amp;apos;, os.version: &amp;apos;10.0&amp;apos;, java.version: &amp;apos;16.0.2&amp;apos;
Driver info: org.openqa.selenium.firefox.FirefoxDriver
Capabilities {acceptInsecureCerts: true, browserName: firefox, browserVersion: 93.0, javascriptEnabled: true, moz:accessibilityChecks: false, moz:buildID: 20210927210923, moz:geckodriverVersion: 0.30.0, moz:headless: false, moz:processID: 10640, moz:profile: C:\Users\Evotek_PC006\AppDa..., moz:shutdownTimeout: 60000, moz:useNonSpecCompliantPointerOrigin: false, moz:webdriverClick: true, pageLoadStrategy: normal, platform: WINDOWS, platformName: WINDOWS, platformVersion: 10.0, proxy: Proxy(), setWindowRect: true, strictFileInteractability: false, timeouts: {implicit: 0, pageLoad: 300000, script: 30000}, unhandledPromptBehavior: dismiss and notify}
Session ID: b48d4fd7-45bf-4089-8522-6fd8876acf2b
*** Element info: {Using=xpath, value=//p[contains(text(),&amp;apos;Customer Registered Successfully!!!&amp;apos;)]}">
      <![CDATA[org.openqa.selenium.UnhandledAlertException: Dismissed user prompt dialog: please fill all fields: 
Build info: version: '3.141.59', revision: 'e82be7d358', time: '2018-11-14T08:25:53'
System info: host: 'DESKTOP-CC5B68O', ip: '192.168.2.93', os.name: 'Windows 10', os.arch: 'amd64', os.version: '10.0', java.version: '16.0.2'
Driver info: org.openqa.selenium.firefox.FirefoxDriver
Capabilities {acceptInsecureCerts: true, browserName: firefox, browserVersion: 93.0, javascriptEnabled: true, moz:accessibilityChecks: false, moz:buildID: 20210927210923, moz:geckodriverVersion: 0.30.0, moz:headless: false, moz:processID: 10640, moz:profile: C:\Users\Evotek_PC006\AppDa..., moz:shutdownTimeout: 60000, moz:useNonSpecCompliantPointerOrigin: false, moz:webdriverClick: true, pageLoadStrategy: normal, platform: WINDOWS, platformName: WINDOWS, platformVersion: 10.0, proxy: Proxy(), setWindowRect: true, strictFileInteractability: false, timeouts: {implicit: 0, pageLoad: 300000, script: 30000}, unhandledPromptBehavior: dismiss and notify}
Session ID: b48d4fd7-45bf-4089-8522-6fd8876acf2b
*** Element info: {Using=xpath, value=//p[contains(text(),'Customer Registered Successfully!!!')]}
at org.openqa.selenium.remote.http.W3CHttpResponseCodec.decode(W3CHttpResponseCodec.java:120)
at org.openqa.selenium.remote.http.W3CHttpResponseCodec.decode(W3CHttpResponseCodec.java:49)
at org.openqa.selenium.remote.HttpCommandExecutor.execute(HttpCommandExecutor.java:158)
at org.openqa.selenium.remote.service.DriverCommandExecutor.execute(DriverCommandExecutor.java:83)
at org.openqa.selenium.remote.RemoteWebDriver.execute(RemoteWebDriver.java:552)
at org.openqa.selenium.remote.RemoteWebDriver.findElement(RemoteWebDriver.java:323)
at org.openqa.selenium.remote.RemoteWebDriver.findElementByXPath(RemoteWebDriver.java:428)
at org.openqa.selenium.By$ByXPath.findElement(By.java:353)
at org.openqa.selenium.remote.RemoteWebDriver.findElement(RemoteWebDriver.java:315)
at org.openqa.selenium.support.ui.ExpectedConditions$7.apply(ExpectedConditions.java:205)
at org.openqa.selenium.support.ui.ExpectedConditions$7.apply(ExpectedConditions.java:201)
at org.openqa.selenium.support.ui.FluentWait.until(FluentWait.java:249)
at commons.AbtractPage.awaitToElementVisible(AbtractPage.java:310)
at pageObjects.NewCustomerPageObject.getSuccessMessage(NewCustomerPageObject.java:68)
at com.bankgaru.user.Level_03_Page_Object_Pattern.TC_03_New_Customer(Level_03_Page_Object_Pattern.java:100)
... Removed 25 stack frames]]>
    </failure>
  </testcase> <!-- TC_03_New_Customer -->
  <testcase classname="com.bankgaru.user.Level_03_Page_Object_Pattern" name="TC_04_Logout" time="0.724"/>
</testsuite> <!-- RUN ON FIRFOX -->
