<?xml version="1.0" encoding="UTF-8"?>
<!-- Generated by org.testng.reporters.JUnitXMLReporter -->
<testsuite ignored="0" hostname="DESKTOP-CC5B68O" failures="0" tests="4" name="RUN ON FIREFOX" time="14.126" errors="0" timestamp="18 Oct 2021 10:09:04 GMT">
  <testcase classname="com.bankgaru.user.Level_03_Page_Object_Pattern" name="TC_01_Register_To_System" time="2.204"/>
  <testcase classname="com.bankgaru.user.Level_03_Page_Object_Pattern" name="TC_02_Login_To_System" time="2.337"/>
  <testcase classname="com.bankgaru.user.Level_03_Page_Object_Pattern" name="TC_03_New_Customer" time="2.859"/>
  <testcase classname="com.bankgaru.user.Level_03_Page_Object_Pattern" name="TC_04_Logout" time="0.807"/>
</testsuite> <!-- RUN ON FIREFOX -->
