<?xml version="1.0" encoding="UTF-8"?>
<testng-results ignored="0" total="4" passed="4" failed="0" skipped="0">
  <reporter-output>
  </reporter-output>
  <suite started-at="2021-10-24T15:33:29Z" name="Suite" finished-at="2021-10-24T15:33:50Z" duration-ms="21257">
    <groups>
    </groups>
    <test started-at="2021-10-24T15:33:29Z" name="RUN ON FIREFOX" finished-at="2021-10-24T15:33:50Z" duration-ms="21257">
      <class name="com.bankgaru.user.Level_03_Page_Object_Pattern">
        <test-method is-config="true" signature="beforeClass(java.lang.String)[pri:0, instance:com.bankgaru.user.Level_03_Page_Object_Pattern@f79e]" started-at="2021-10-24T15:33:29Z" name="beforeClass" finished-at="2021-10-24T15:33:38Z" duration-ms="9301" status="PASS">
          <params>
            <param index="0">
              <value>
                <![CDATA[firefox]]>
              </value>
            </param>
          </params>
          <reporter-output>
          </reporter-output>
        </test-method> <!-- beforeClass -->
        <test-method signature="TC_01_Register_To_System()[pri:0, instance:com.bankgaru.user.Level_03_Page_Object_Pattern@f79e]" started-at="2021-10-24T15:33:38Z" name="TC_01_Register_To_System" finished-at="2021-10-24T15:33:41Z" duration-ms="2601" status="PASS">
          <reporter-output>
          </reporter-output>
        </test-method> <!-- TC_01_Register_To_System -->
        <test-method signature="TC_02_Login_To_System()[pri:0, instance:com.bankgaru.user.Level_03_Page_Object_Pattern@f79e]" started-at="2021-10-24T15:33:41Z" name="TC_02_Login_To_System" finished-at="2021-10-24T15:33:43Z" duration-ms="2535" status="PASS">
          <reporter-output>
          </reporter-output>
        </test-method> <!-- TC_02_Login_To_System -->
        <test-method signature="TC_03_New_Customer()[pri:0, instance:com.bankgaru.user.Level_03_Page_Object_Pattern@f79e]" started-at="2021-10-24T15:33:43Z" name="TC_03_New_Customer" finished-at="2021-10-24T15:33:48Z" duration-ms="4915" status="PASS">
          <reporter-output>
          </reporter-output>
        </test-method> <!-- TC_03_New_Customer -->
        <test-method signature="TC_04_Logout()[pri:0, instance:com.bankgaru.user.Level_03_Page_Object_Pattern@f79e]" started-at="2021-10-24T15:33:48Z" name="TC_04_Logout" finished-at="2021-10-24T15:33:49Z" duration-ms="1264" status="PASS">
          <reporter-output>
          </reporter-output>
        </test-method> <!-- TC_04_Logout -->
        <test-method is-config="true" signature="afterClass()[pri:0, instance:com.bankgaru.user.Level_03_Page_Object_Pattern@f79e]" started-at="2021-10-24T15:33:49Z" name="afterClass" finished-at="2021-10-24T15:33:50Z" duration-ms="624" status="PASS">
          <reporter-output>
          </reporter-output>
        </test-method> <!-- afterClass -->
      </class> <!-- com.bankgaru.user.Level_03_Page_Object_Pattern -->
    </test> <!-- RUN ON FIREFOX -->
  </suite> <!-- Suite -->
</testng-results>
